Banner Festival Code/app/build/intermediates/manifest_merge_blame_file/debug/manifest-merger-blame-debug-report.txt
1<?xml version="1.0" encoding="utf-8"?>
2<manifest xmlns:android="http://schemas.android.com/apk/res/android"
3    package="com.infiapp.postermaker"
4    android:versionCode="3"
5    android:versionName="1.3" >
6
7    <uses-sdk
8        android:minSdkVersion="21"
8-->src/main/AndroidManifest.xml
9        android:targetSdkVersion="32" />
9-->src/main/AndroidManifest.xml
10
11    <uses-permission android:name="android.permission.INTERNET" />
11-->src/main/AndroidManifest.xml:5:5-67
11-->src/main/AndroidManifest.xml:5:22-64
12    <uses-permission android:name="android.permission.FOREGROUND_SERVICE" />
12-->src/main/AndroidManifest.xml:6:5-77
12-->src/main/AndroidManifest.xml:6:22-74
13    <uses-permission android:name="android.permission.WRITE_EXTERNAL_STORAGE" />
13-->src/main/AndroidManifest.xml:7:5-81
13-->src/main/AndroidManifest.xml:7:22-78
14    <uses-permission android:name="android.permission.READ_EXTERNAL_STORAGE" />
14-->src/main/AndroidManifest.xml:8:5-80
14-->src/main/AndroidManifest.xml:8:22-77
15    <uses-permission android:name="android.permission.ACCESS_NETWORK_STATE" />
15-->src/main/AndroidManifest.xml:9:5-79
15-->src/main/AndroidManifest.xml:9:22-76
16    <uses-permission android:name="android.permission.CAMERA" />
16-->src/main/AndroidManifest.xml:10:5-65
16-->src/main/AndroidManifest.xml:10:22-62
17    <uses-permission android:name="android.permission.WAKE_LOCK" />
17-->src/main/AndroidManifest.xml:11:5-68
17-->src/main/AndroidManifest.xml:11:22-65
18    <uses-permission android:name="android.permission.INTERNET" />
18-->src/main/AndroidManifest.xml:5:5-67
18-->src/main/AndroidManifest.xml:5:22-64
19    <uses-permission android:name="android.permission.CALL_PHONE" />
19-->src/main/AndroidManifest.xml:13:5-69
19-->src/main/AndroidManifest.xml:13:22-66
20    <uses-permission android:name="android.permission.SYSTEM_ALERT_WINDOW" />
20-->src/main/AndroidManifest.xml:14:5-78
20-->src/main/AndroidManifest.xml:14:22-75
21    <uses-permission android:name="android.permission.ACCESS_NETWORK_STATE" />
21-->src/main/AndroidManifest.xml:9:5-79
21-->src/main/AndroidManifest.xml:9:22-76
22    <uses-permission android:name="android.permission.RECEIVE_BOOT_COMPLETED" />
22-->src/main/AndroidManifest.xml:16:5-81
22-->src/main/AndroidManifest.xml:16:22-78
23
24    <!-- Create a unique permission for your app and use it so only your app can receive your OneSignal messages. -->
25    <permission
25-->[com.onesignal:OneSignal:4.8.5] AndroidManifest.xml:7:5-9:47
26        android:name="com.infiapp.postermaker.permission.C2D_MESSAGE"
26-->[com.onesignal:OneSignal:4.8.5] AndroidManifest.xml:8:9-63
27        android:protectionLevel="signature" />
27-->[com.onesignal:OneSignal:4.8.5] AndroidManifest.xml:9:9-44
28
29    <uses-permission android:name="com.infiapp.postermaker.permission.C2D_MESSAGE" /> <!-- OneSignal SDK has runtime checks Android version. -->
29-->[com.onesignal:OneSignal:4.8.5] AndroidManifest.xml:11:5-79
29-->[com.onesignal:OneSignal:4.8.5] AndroidManifest.xml:11:22-76
30    <!-- <uses-sdk tools:overrideLibrary="android.support.customtabs"/> -->
31    <!-- Required runtime permission to display notifications on Android 13 -->
32    <uses-permission android:name="android.permission.POST_NOTIFICATIONS" /> <!-- c2dm RECEIVE are basic requirements for push messages through Google's FCM -->
32-->[com.onesignal:OneSignal:4.8.5] AndroidManifest.xml:16:5-77
32-->[com.onesignal:OneSignal:4.8.5] AndroidManifest.xml:16:22-74
33    <uses-permission android:name="com.google.android.c2dm.permission.RECEIVE" />
33-->[com.onesignal:OneSignal:4.8.5] AndroidManifest.xml:18:5-82
33-->[com.onesignal:OneSignal:4.8.5] AndroidManifest.xml:18:22-79
34    <!--
35 Required so the device vibrates on receiving a push notification.
36         Vibration settings of the device still apply.
37    -->
38    <uses-permission android:name="android.permission.VIBRATE" /> <!-- START: ShortcutBadger -->
38-->[com.onesignal:OneSignal:4.8.5] AndroidManifest.xml:24:5-66
38-->[com.onesignal:OneSignal:4.8.5] AndroidManifest.xml:24:22-63
39    <!-- Samsung -->
40    <uses-permission android:name="com.sec.android.provider.badge.permission.READ" />
40-->[com.onesignal:OneSignal:4.8.5] AndroidManifest.xml:32:5-86
40-->[com.onesignal:OneSignal:4.8.5] AndroidManifest.xml:32:22-83
41    <uses-permission android:name="com.sec.android.provider.badge.permission.WRITE" /> <!-- HTC -->
41-->[com.onesignal:OneSignal:4.8.5] AndroidManifest.xml:33:5-87
41-->[com.onesignal:OneSignal:4.8.5] AndroidManifest.xml:33:22-84
42    <uses-permission android:name="com.htc.launcher.permission.READ_SETTINGS" />
42-->[com.onesignal:OneSignal:4.8.5] AndroidManifest.xml:34:5-81
42-->[com.onesignal:OneSignal:4.8.5] AndroidManifest.xml:34:22-78
43    <uses-permission android:name="com.htc.launcher.permission.UPDATE_SHORTCUT" /> <!-- Sony -->
43-->[com.onesignal:OneSignal:4.8.5] AndroidManifest.xml:35:5-83
43-->[com.onesignal:OneSignal:4.8.5] AndroidManifest.xml:35:22-80
44    <uses-permission android:name="com.sonyericsson.home.permission.BROADCAST_BADGE" />
44-->[com.onesignal:OneSignal:4.8.5] AndroidManifest.xml:36:5-88
44-->[com.onesignal:OneSignal:4.8.5] AndroidManifest.xml:36:22-85
45    <uses-permission android:name="com.sonymobile.home.permission.PROVIDER_INSERT_BADGE" /> <!-- Apex -->
45-->[com.onesignal:OneSignal:4.8.5] AndroidManifest.xml:37:5-92
45-->[com.onesignal:OneSignal:4.8.5] AndroidManifest.xml:37:22-89
46    <uses-permission android:name="com.anddoes.launcher.permission.UPDATE_COUNT" /> <!-- Solid -->
46-->[com.onesignal:OneSignal:4.8.5] AndroidManifest.xml:38:5-84
46-->[com.onesignal:OneSignal:4.8.5] AndroidManifest.xml:38:22-81
47    <uses-permission android:name="com.majeur.launcher.permission.UPDATE_BADGE" /> <!-- Huawei -->
47-->[com.onesignal:OneSignal:4.8.5] AndroidManifest.xml:39:5-83
47-->[com.onesignal:OneSignal:4.8.5] AndroidManifest.xml:39:22-80
48    <uses-permission android:name="com.huawei.android.launcher.permission.CHANGE_BADGE" />
48-->[com.onesignal:OneSignal:4.8.5] AndroidManifest.xml:40:5-91
48-->[com.onesignal:OneSignal:4.8.5] AndroidManifest.xml:40:22-88
49    <uses-permission android:name="com.huawei.android.launcher.permission.READ_SETTINGS" />
49-->[com.onesignal:OneSignal:4.8.5] AndroidManifest.xml:41:5-92
49-->[com.onesignal:OneSignal:4.8.5] AndroidManifest.xml:41:22-89
50    <uses-permission android:name="com.huawei.android.launcher.permission.WRITE_SETTINGS" /> <!-- ZUK -->
50-->[com.onesignal:OneSignal:4.8.5] AndroidManifest.xml:42:5-93
50-->[com.onesignal:OneSignal:4.8.5] AndroidManifest.xml:42:22-90
51    <uses-permission android:name="android.permission.READ_APP_BADGE" /> <!-- OPPO -->
51-->[com.onesignal:OneSignal:4.8.5] AndroidManifest.xml:43:5-73
51-->[com.onesignal:OneSignal:4.8.5] AndroidManifest.xml:43:22-70
52    <uses-permission android:name="com.oppo.launcher.permission.READ_SETTINGS" />
52-->[com.onesignal:OneSignal:4.8.5] AndroidManifest.xml:44:5-82
52-->[com.onesignal:OneSignal:4.8.5] AndroidManifest.xml:44:22-79
53    <uses-permission android:name="com.oppo.launcher.permission.WRITE_SETTINGS" /> <!-- EvMe -->
53-->[com.onesignal:OneSignal:4.8.5] AndroidManifest.xml:45:5-83
53-->[com.onesignal:OneSignal:4.8.5] AndroidManifest.xml:45:22-80
54    <uses-permission android:name="me.everything.badger.permission.BADGE_COUNT_READ" />
54-->[com.onesignal:OneSignal:4.8.5] AndroidManifest.xml:46:5-88
54-->[com.onesignal:OneSignal:4.8.5] AndroidManifest.xml:46:22-85
55    <uses-permission android:name="me.everything.badger.permission.BADGE_COUNT_WRITE" />
55-->[com.onesignal:OneSignal:4.8.5] AndroidManifest.xml:47:5-89
55-->[com.onesignal:OneSignal:4.8.5] AndroidManifest.xml:47:22-86
56
57    <queries>
57-->[com.razorpay:checkout:1.6.18] AndroidManifest.xml:11:5-37:15
58        <intent>
58-->[com.razorpay:checkout:1.6.18] AndroidManifest.xml:12:9-18:18
59            <action android:name="android.intent.action.VIEW" />
59-->[com.firebaseui:firebase-ui-auth:7.0.0] AndroidManifest.xml:93:17-69
59-->[com.firebaseui:firebase-ui-auth:7.0.0] AndroidManifest.xml:93:25-66
60
61            <data
61-->src/main/AndroidManifest.xml:93:17-95:47
62                android:mimeType="*/*"
63                android:scheme="*" />
63-->src/main/AndroidManifest.xml:95:21-44
64        </intent>
65        <intent>
65-->[com.razorpay:checkout:1.6.18] AndroidManifest.xml:19:9-28:18
66            <action android:name="android.intent.action.VIEW" />
66-->[com.firebaseui:firebase-ui-auth:7.0.0] AndroidManifest.xml:93:17-69
66-->[com.firebaseui:firebase-ui-auth:7.0.0] AndroidManifest.xml:93:25-66
67
68            <category android:name="android.intent.category.BROWSABLE" />
68-->[com.firebaseui:firebase-ui-auth:7.0.0] AndroidManifest.xml:96:17-78
68-->[com.firebaseui:firebase-ui-auth:7.0.0] AndroidManifest.xml:96:27-75
69
70            <data
70-->src/main/AndroidManifest.xml:93:17-95:47
71                android:host="pay"
71-->src/main/AndroidManifest.xml:94:21-42
72                android:mimeType="*/*"
73                android:scheme="upi" />
73-->src/main/AndroidManifest.xml:95:21-44
74        </intent>
75        <intent>
75-->[com.razorpay:checkout:1.6.18] AndroidManifest.xml:29:9-31:18
76            <action android:name="android.intent.action.MAIN" />
76-->src/main/AndroidManifest.xml:35:17-69
76-->src/main/AndroidManifest.xml:35:25-66
77        </intent>
78        <intent>
78-->[com.razorpay:checkout:1.6.18] AndroidManifest.xml:32:9-36:18
79            <action android:name="android.intent.action.SEND" />
79-->[com.razorpay:checkout:1.6.18] AndroidManifest.xml:33:13-65
79-->[com.razorpay:checkout:1.6.18] AndroidManifest.xml:33:21-62
80
81            <data android:mimeType="*/*" />
81-->src/main/AndroidManifest.xml:93:17-95:47
82        </intent>
83        <intent>
83-->[com.android.billingclient:billing:5.1.0] AndroidManifest.xml:17:9-19:18
84            <action android:name="com.android.vending.billing.InAppBillingService.BIND" />
84-->[com.android.billingclient:billing:5.1.0] AndroidManifest.xml:18:13-91
84-->[com.android.billingclient:billing:5.1.0] AndroidManifest.xml:18:21-88
85        </intent> <!-- For browser content -->
86        <intent>
86-->[com.google.android.gms:play-services-ads-lite:20.6.0] AndroidManifest.xml:31:9-37:18
87            <action android:name="android.intent.action.VIEW" />
87-->[com.firebaseui:firebase-ui-auth:7.0.0] AndroidManifest.xml:93:17-69
87-->[com.firebaseui:firebase-ui-auth:7.0.0] AndroidManifest.xml:93:25-66
88
89            <category android:name="android.intent.category.BROWSABLE" />
89-->[com.firebaseui:firebase-ui-auth:7.0.0] AndroidManifest.xml:96:17-78
89-->[com.firebaseui:firebase-ui-auth:7.0.0] AndroidManifest.xml:96:27-75
90
91            <data android:scheme="https" />
91-->src/main/AndroidManifest.xml:93:17-95:47
91-->src/main/AndroidManifest.xml:95:21-44
92        </intent> <!-- End of browser content -->
93        <!-- For CustomTabsService -->
94        <intent>
94-->[com.google.android.gms:play-services-ads-lite:20.6.0] AndroidManifest.xml:40:9-42:18
95            <action android:name="android.support.customtabs.action.CustomTabsService" />
95-->[com.google.android.gms:play-services-ads-lite:20.6.0] AndroidManifest.xml:41:13-90
95-->[com.google.android.gms:play-services-ads-lite:20.6.0] AndroidManifest.xml:41:21-87
96        </intent>
97    </queries>
98
99    <uses-permission android:name="com.android.vending.BILLING" />
99-->[com.android.billingclient:billing:5.1.0] AndroidManifest.xml:10:5-67
99-->[com.android.billingclient:billing:5.1.0] AndroidManifest.xml:10:22-64
100    <uses-permission android:name="com.google.android.gms.permission.AD_ID" />
100-->[com.google.android.gms:play-services-measurement-api:21.0.0] AndroidManifest.xml:25:5-79
100-->[com.google.android.gms:play-services-measurement-api:21.0.0] AndroidManifest.xml:25:22-76
101
102    <uses-feature
102-->[com.google.android.gms:play-services-maps:17.0.0] AndroidManifest.xml:26:5-28:35
103        android:glEsVersion="0x00020000"
103-->[com.google.android.gms:play-services-maps:17.0.0] AndroidManifest.xml:27:9-41
104        android:required="true" />
104-->[com.google.android.gms:play-services-maps:17.0.0] AndroidManifest.xml:28:9-32
105
106    <uses-permission android:name="com.google.android.finsky.permission.BIND_GET_INSTALL_REFERRER_SERVICE" />
106-->[com.google.android.gms:play-services-measurement:21.0.0] AndroidManifest.xml:26:5-110
106-->[com.google.android.gms:play-services-measurement:21.0.0] AndroidManifest.xml:26:22-107
107
108    <uses-feature
108-->[io.card:android-sdk:5.5.1] AndroidManifest.xml:12:5-14:36
109        android:name="android.hardware.camera"
109-->[io.card:android-sdk:5.5.1] AndroidManifest.xml:13:9-47
110        android:required="false" />
110-->[io.card:android-sdk:5.5.1] AndroidManifest.xml:14:9-33
111    <uses-feature
111-->[io.card:android-sdk:5.5.1] AndroidManifest.xml:15:5-17:36
112        android:name="android.hardware.camera.autofocus"
112-->[io.card:android-sdk:5.5.1] AndroidManifest.xml:16:9-57
113        android:required="false" />
113-->[io.card:android-sdk:5.5.1] AndroidManifest.xml:17:9-33
114
115    <application
115-->src/main/AndroidManifest.xml:18:5-141:19
116        android:name="com.example.newfestivalpost.AnalyticsApplication"
116-->src/main/AndroidManifest.xml:19:9-45
117        android:allowBackup="true"
117-->src/main/AndroidManifest.xml:20:9-35
118        android:appComponentFactory="androidx.core.app.CoreComponentFactory"
118-->[androidx.core:core:1.7.0] AndroidManifest.xml:24:18-86
119        android:debuggable="true"
120        android:exported="true"
120-->src/main/AndroidManifest.xml:21:9-32
121        android:hardwareAccelerated="true"
121-->src/main/AndroidManifest.xml:22:9-43
122        android:icon="@drawable/app_icon"
122-->src/main/AndroidManifest.xml:23:9-42
123        android:label="@string/app_name"
123-->src/main/AndroidManifest.xml:24:9-41
124        android:largeHeap="true"
124-->src/main/AndroidManifest.xml:25:9-33
125        android:requestLegacyExternalStorage="true"
125-->src/main/AndroidManifest.xml:26:9-52
126        android:supportsRtl="true"
126-->src/main/AndroidManifest.xml:27:9-35
127        android:theme="@style/AppTheme"
127-->src/main/AndroidManifest.xml:28:9-40
128        android:usesCleartextTraffic="true" >
128-->src/main/AndroidManifest.xml:29:9-44
129        <activity
129-->src/main/AndroidManifest.xml:31:9-39:20
130            android:name="com.example.newfestivalpost.Activities.ActivitySplashScreen"
130-->src/main/AndroidManifest.xml:32:13-60
131            android:exported="true" >
131-->src/main/AndroidManifest.xml:33:13-36
132            <intent-filter>
132-->src/main/AndroidManifest.xml:34:13-38:29
133                <action android:name="android.intent.action.MAIN" />
133-->src/main/AndroidManifest.xml:35:17-69
133-->src/main/AndroidManifest.xml:35:25-66
134
135                <category android:name="android.intent.category.LAUNCHER" />
135-->src/main/AndroidManifest.xml:37:17-77
135-->src/main/AndroidManifest.xml:37:27-74
136            </intent-filter>
137        </activity>
138        <activity
138-->src/main/AndroidManifest.xml:41:9-42:39
139            android:name="com.example.newfestivalpost.Activities.WebsiteActivity"
139-->src/main/AndroidManifest.xml:41:19-61
140            android:exported="false" />
140-->src/main/AndroidManifest.xml:42:13-37
141        <activity
141-->src/main/AndroidManifest.xml:43:9-44:39
142            android:name="com.example.newfestivalpost.Activities.VideoShowActivity"
142-->src/main/AndroidManifest.xml:43:19-63
143            android:exported="false" />
143-->src/main/AndroidManifest.xml:44:13-37
144        <activity
144-->src/main/AndroidManifest.xml:45:9-46:39
145            android:name="com.example.newfestivalpost.Activities.ActivityVideoPreview"
145-->src/main/AndroidManifest.xml:45:19-66
146            android:exported="false" />
146-->src/main/AndroidManifest.xml:46:13-37
147        <activity
147-->src/main/AndroidManifest.xml:47:9-48:39
148            android:name="com.example.newfestivalpost.Activities.TermsActivity"
148-->src/main/AndroidManifest.xml:47:19-59
149            android:exported="false" />
149-->src/main/AndroidManifest.xml:48:13-37
150        <activity
150-->src/main/AndroidManifest.xml:49:9-50:39
151            android:name="com.example.newfestivalpost.Activities.ActivityMyPostSingleView"
151-->src/main/AndroidManifest.xml:49:19-70
152            android:exported="false" />
152-->src/main/AndroidManifest.xml:50:13-37
153        <activity
153-->src/main/AndroidManifest.xml:51:9-52:39
154            android:name="com.example.newfestivalpost.Activities.ActivityPreview"
154-->src/main/AndroidManifest.xml:51:19-61
155            android:exported="false" />
155-->src/main/AndroidManifest.xml:52:13-37
156        <activity
156-->src/main/AndroidManifest.xml:53:9-54:39
157            android:name="com.example.newfestivalpost.Activities.ActivitySingleVideoList"
157-->src/main/AndroidManifest.xml:53:19-69
158            android:exported="false" />
158-->src/main/AndroidManifest.xml:54:13-37
159        <activity
159-->src/main/AndroidManifest.xml:55:9-58:39
160            android:name="com.example.newfestivalpost.Activities.ActivityCreatePost"
160-->src/main/AndroidManifest.xml:56:13-58
161            android:exported="false"
161-->src/main/AndroidManifest.xml:58:13-37
162            android:windowSoftInputMode="adjustPan" />
162-->src/main/AndroidManifest.xml:57:13-52
163        <activity
163-->src/main/AndroidManifest.xml:59:9-62:39
164            android:name="com.example.newfestivalpost.Activities.ActivityCreateCustomImage"
164-->src/main/AndroidManifest.xml:60:13-65
165            android:exported="false"
165-->src/main/AndroidManifest.xml:62:13-37
166            android:windowSoftInputMode="adjustPan" />
166-->src/main/AndroidManifest.xml:61:13-52
167        <activity
167-->src/main/AndroidManifest.xml:63:9-66:39
168            android:name="com.example.newfestivalpost.Activities.ActivityHome"
168-->src/main/AndroidManifest.xml:64:13-52
169            android:exported="false"
169-->src/main/AndroidManifest.xml:66:13-37
170            android:windowSoftInputMode="adjustPan" />
170-->src/main/AndroidManifest.xml:65:13-52
171        <activity
171-->src/main/AndroidManifest.xml:68:9-69:39
172            android:name="com.example.newfestivalpost.NewData.NewActivity.ActivitySingleCategoyList1"
172-->src/main/AndroidManifest.xml:68:19-81
173            android:exported="false" />
173-->src/main/AndroidManifest.xml:69:13-37
174        <activity
174-->src/main/AndroidManifest.xml:70:9-71:39
175            android:name="com.example.newfestivalpost.NewData.NewActivity.WelcomeActivity"
175-->src/main/AndroidManifest.xml:70:19-70
176            android:exported="false" />
176-->src/main/AndroidManifest.xml:71:13-37
177        <activity
177-->src/main/AndroidManifest.xml:72:9-76:39
178            android:name="com.theartofdev.edmodo.cropper.CropImageActivity"
178-->src/main/AndroidManifest.xml:73:13-76
179            android:exported="false"
179-->src/main/AndroidManifest.xml:76:13-37
180            android:screenOrientation="portrait"
180-->src/main/AndroidManifest.xml:74:13-49
181            android:theme="@style/Base.Theme.AppCompat" />
181-->src/main/AndroidManifest.xml:75:13-56
182        <activity
182-->src/main/AndroidManifest.xml:78:9-79:39
183            android:name="com.example.newfestivalpost.payment.activity.FirebaseSignUpActivity"
183-->src/main/AndroidManifest.xml:78:19-74
184            android:exported="false" />
184-->src/main/AndroidManifest.xml:79:13-37
185        <activity
185-->src/main/AndroidManifest.xml:80:9-81:39
186            android:name="com.example.newfestivalpost.payment.activity.Business_DetailActivity1"
186-->src/main/AndroidManifest.xml:80:19-76
187            android:exported="false" />
187-->src/main/AndroidManifest.xml:81:13-37
188        <activity
188-->src/main/AndroidManifest.xml:82:9-83:39
189            android:name="com.example.newfestivalpost.payment.activity.ProfileActivity"
189-->src/main/AndroidManifest.xml:82:19-67
190            android:exported="false" />
190-->src/main/AndroidManifest.xml:83:13-37
191        <activity
191-->src/main/AndroidManifest.xml:84:9-85:39
192            android:name="com.example.newfestivalpost.payment.activity.PurchasePlanActivity"
192-->src/main/AndroidManifest.xml:84:19-72
193            android:exported="false" />
193-->src/main/AndroidManifest.xml:85:13-37
194        <activity
194-->src/main/AndroidManifest.xml:86:9-97:20
195            android:name="com.example.newfestivalpost.payment.activity.RazorPayActivity"
195-->src/main/AndroidManifest.xml:87:13-62
196            android:configChanges="keyboard|keyboardHidden|orientation|screenSize"
196-->src/main/AndroidManifest.xml:88:13-83
197            android:exported="true" >
197-->src/main/AndroidManifest.xml:89:13-36
198            <intent-filter>
198-->src/main/AndroidManifest.xml:90:13-96:29
199                <action android:name="android.intent.action.MAIN" />
199-->src/main/AndroidManifest.xml:35:17-69
199-->src/main/AndroidManifest.xml:35:25-66
200
201                <data
201-->src/main/AndroidManifest.xml:93:17-95:47
202                    android:host="rzp.io"
202-->src/main/AndroidManifest.xml:94:21-42
203                    android:scheme="io.rzp" />
203-->src/main/AndroidManifest.xml:95:21-44
204            </intent-filter>
205        </activity>
206        <activity
206-->src/main/AndroidManifest.xml:98:9-99:39
207            android:name="com.example.newfestivalpost.payment.activity.StripePaymentActivity"
207-->src/main/AndroidManifest.xml:98:19-73
208            android:exported="false" />
208-->src/main/AndroidManifest.xml:99:13-37
209        <activity
209-->src/main/AndroidManifest.xml:100:9-99
210            android:name="com.example.newfestivalpost.payment.activity.SubscriptionActivity"
210-->src/main/AndroidManifest.xml:100:19-72
211            android:exported="false" />
211-->src/main/AndroidManifest.xml:100:73-97
212        <activity
212-->src/main/AndroidManifest.xml:101:9-102:39
213            android:name="com.example.newfestivalpost.payment.activity.LoginActivity"
213-->src/main/AndroidManifest.xml:101:19-65
214            android:exported="false" />
214-->src/main/AndroidManifest.xml:102:13-37
215        <activity
215-->src/main/AndroidManifest.xml:103:9-104:39
216            android:name="com.example.newfestivalpost.payment.activity.PassResetActivity"
216-->src/main/AndroidManifest.xml:103:19-69
217            android:exported="false" />
217-->src/main/AndroidManifest.xml:104:13-37
218        <activity
218-->src/main/AndroidManifest.xml:105:9-106:39
219            android:name="com.example.newfestivalpost.payment.activity.SignUpActivity"
219-->src/main/AndroidManifest.xml:105:19-66
220            android:exported="false" />
220-->src/main/AndroidManifest.xml:106:13-37
221        <activity
221-->src/main/AndroidManifest.xml:107:9-108:39
222            android:name="com.example.newfestivalpost.payment.activity.Business_DetailActivity"
222-->src/main/AndroidManifest.xml:107:19-75
223            android:exported="false" />
223-->src/main/AndroidManifest.xml:108:13-37
224        <activity
224-->src/main/AndroidManifest.xml:109:9-110:39
225            android:name="com.example.newfestivalpost.NewData.NewActivity.ItemPosterActivity"
225-->src/main/AndroidManifest.xml:109:19-73
226            android:exported="false" />
226-->src/main/AndroidManifest.xml:110:13-37
227
228        <meta-data
228-->src/main/AndroidManifest.xml:113:9-115:39
229            android:name="com.onesignal.NotificationOpened.DEFAULT"
229-->src/main/AndroidManifest.xml:114:13-68
230            android:value="DISABLE" />
230-->src/main/AndroidManifest.xml:115:13-36
231        <meta-data
231-->src/main/AndroidManifest.xml:117:9-119:52
232            android:name="com.google.android.gms.ads.APPLICATION_ID"
232-->src/main/AndroidManifest.xml:118:13-69
233            android:value="@string/admob_app_id" />
233-->src/main/AndroidManifest.xml:119:13-49
234        <meta-data
234-->src/main/AndroidManifest.xml:120:9-122:57
235            android:name="preloaded_fonts"
235-->src/main/AndroidManifest.xml:121:13-43
236            android:resource="@array/preloaded_fonts" />
236-->src/main/AndroidManifest.xml:122:13-54
237
238        <receiver
238-->src/main/AndroidManifest.xml:124:9-130:20
239            android:name="com.razorpay.RzpTokenReceiver"
239-->src/main/AndroidManifest.xml:125:13-57
240            android:exported="false" >
240-->src/main/AndroidManifest.xml:126:13-37
241            <intent-filter>
241-->src/main/AndroidManifest.xml:127:13-129:29
242                <action android:name="rzp.device_token.share" />
242-->src/main/AndroidManifest.xml:128:17-65
242-->src/main/AndroidManifest.xml:128:25-62
243            </intent-filter>
244        </receiver>
245
246        <provider
247            android:name="androidx.core.content.FileProvider"
247-->src/main/AndroidManifest.xml:133:13-62
248            android:authorities="com.infiapp.postermaker.provider"
248-->src/main/AndroidManifest.xml:134:13-60
249            android:exported="false"
249-->src/main/AndroidManifest.xml:135:13-37
250            android:grantUriPermissions="true" >
250-->src/main/AndroidManifest.xml:136:13-47
251            <meta-data
251-->src/main/AndroidManifest.xml:137:13-139:62
252                android:name="android.support.FILE_PROVIDER_PATHS"
252-->src/main/AndroidManifest.xml:138:17-67
253                android:resource="@xml/file_provider_path" />
253-->src/main/AndroidManifest.xml:139:17-59
254        </provider>
255
256        <meta-data
256-->[com.firebaseui:firebase-ui-auth:7.0.0] AndroidManifest.xml:16:9-18:69
257            android:name="com.google.android.gms.version"
257-->[com.firebaseui:firebase-ui-auth:7.0.0] AndroidManifest.xml:17:13-58
258            android:value="@integer/google_play_services_version" />
258-->[com.firebaseui:firebase-ui-auth:7.0.0] AndroidManifest.xml:18:13-66
259        <meta-data
259-->[com.firebaseui:firebase-ui-auth:7.0.0] AndroidManifest.xml:19:9-21:63
260            android:name="com.facebook.sdk.ApplicationId"
260-->[com.firebaseui:firebase-ui-auth:7.0.0] AndroidManifest.xml:20:13-58
261            android:value="@string/facebook_application_id" />
261-->[com.firebaseui:firebase-ui-auth:7.0.0] AndroidManifest.xml:21:13-60
262
263        <activity
263-->[com.firebaseui:firebase-ui-auth:7.0.0] AndroidManifest.xml:23:9-27:61
264            android:name="com.firebase.ui.auth.KickoffActivity"
264-->[com.firebaseui:firebase-ui-auth:7.0.0] AndroidManifest.xml:24:13-64
265            android:exported="false"
265-->[com.firebaseui:firebase-ui-auth:7.0.0] AndroidManifest.xml:25:13-37
266            android:label=""
266-->[com.firebaseui:firebase-ui-auth:7.0.0] AndroidManifest.xml:26:13-29
267            android:theme="@style/FirebaseUI.Transparent" />
267-->[com.firebaseui:firebase-ui-auth:7.0.0] AndroidManifest.xml:27:13-58
268        <activity
268-->[com.firebaseui:firebase-ui-auth:7.0.0] AndroidManifest.xml:28:9-32:61
269            android:name="com.firebase.ui.auth.ui.idp.SingleSignInActivity"
269-->[com.firebaseui:firebase-ui-auth:7.0.0] AndroidManifest.xml:29:13-76
270            android:exported="false"
270-->[com.firebaseui:firebase-ui-auth:7.0.0] AndroidManifest.xml:30:13-37
271            android:label=""
271-->[com.firebaseui:firebase-ui-auth:7.0.0] AndroidManifest.xml:31:13-29
272            android:theme="@style/FirebaseUI.Transparent" />
272-->[com.firebaseui:firebase-ui-auth:7.0.0] AndroidManifest.xml:32:13-58
273        <activity
273-->[com.firebaseui:firebase-ui-auth:7.0.0] AndroidManifest.xml:33:9-37:61
274            android:name="com.firebase.ui.auth.ui.credentials.CredentialSaveActivity"
274-->[com.firebaseui:firebase-ui-auth:7.0.0] AndroidManifest.xml:34:13-86
275            android:exported="false"
275-->[com.firebaseui:firebase-ui-auth:7.0.0] AndroidManifest.xml:35:13-37
276            android:label=""
276-->[com.firebaseui:firebase-ui-auth:7.0.0] AndroidManifest.xml:36:13-29
277            android:theme="@style/FirebaseUI.Transparent" />
277-->[com.firebaseui:firebase-ui-auth:7.0.0] AndroidManifest.xml:37:13-58
278        <activity
278-->[com.firebaseui:firebase-ui-auth:7.0.0] AndroidManifest.xml:38:9-42:58
279            android:name="com.firebase.ui.auth.ui.email.RecoverPasswordActivity"
279-->[com.firebaseui:firebase-ui-auth:7.0.0] AndroidManifest.xml:39:13-81
280            android:exported="false"
280-->[com.firebaseui:firebase-ui-auth:7.0.0] AndroidManifest.xml:40:13-37
281            android:label="@string/fui_title_recover_password_activity"
281-->[com.firebaseui:firebase-ui-auth:7.0.0] AndroidManifest.xml:41:13-72
282            android:windowSoftInputMode="adjustResize" />
282-->[com.firebaseui:firebase-ui-auth:7.0.0] AndroidManifest.xml:42:13-55
283        <activity
283-->[com.firebaseui:firebase-ui-auth:7.0.0] AndroidManifest.xml:43:9-47:58
284            android:name="com.firebase.ui.auth.ui.email.EmailActivity"
284-->[com.firebaseui:firebase-ui-auth:7.0.0] AndroidManifest.xml:44:13-71
285            android:exported="false"
285-->[com.firebaseui:firebase-ui-auth:7.0.0] AndroidManifest.xml:45:13-37
286            android:label="@string/fui_sign_in_default"
286-->[com.firebaseui:firebase-ui-auth:7.0.0] AndroidManifest.xml:46:13-56
287            android:windowSoftInputMode="adjustResize" />
287-->[com.firebaseui:firebase-ui-auth:7.0.0] AndroidManifest.xml:47:13-55
288        <activity
288-->[com.firebaseui:firebase-ui-auth:7.0.0] AndroidManifest.xml:48:9-52:77
289            android:name="com.firebase.ui.auth.ui.phone.PhoneActivity"
289-->[com.firebaseui:firebase-ui-auth:7.0.0] AndroidManifest.xml:49:13-71
290            android:exported="false"
290-->[com.firebaseui:firebase-ui-auth:7.0.0] AndroidManifest.xml:50:13-37